TN:
SF:src/acesso-evento.js
FN:1,podeAcessarEvento
FNF:1
FNH:1
FNDA:4,podeAcessarEvento
DA:2,4
DA:3,1
DA:6,3
DA:9,1
LF:4
LH:4
BRDA:2,0,0,1
BRDA:2,0,1,3
BRDA:2,1,0,4
BRDA:2,1,1,2
BRF:4
BRH:4
end_of_record
TN:
SF:src/calculadora.js
FN:3,(anonymous_0)
FN:7,(anonymous_1)
FN:14,(anonymous_2)
FN:18,(anonymous_3)
FNF:4
FNH:4
FNDA:3,(anonymous_0)
FNDA:2,(anonymous_1)
FNDA:1,(anonymous_2)
FNDA:1,(anonymous_3)
DA:4,3
DA:8,2
DA:9,1
DA:11,1
DA:15,1
DA:19,1
DA:24,1
LF:7
LH:7
BRDA:8,0,0,1
BRDA:8,0,1,1
BRF:2
BRH:2
end_of_record
TN:
SF:src/impar-ou-par.js
FN:1,verificarParOuImpar
FNF:1
FNH:1
FNDA:4,verificarParOuImpar
DA:2,4
DA:3,4
DA:5,4
DA:6,2
DA:7,2
DA:10,2
DA:11,1
DA:13,1
DA:17,1
LF:9
LH:9
BRDA:5,0,0,2
BRDA:5,0,1,2
BRDA:10,1,0,1
BRDA:10,1,1,1
BRF:4
BRH:4
end_of_record
TN:
SF:src/pode-votar.js
FN:8,avaliarVotacao
FNF:1
FNH:1
FNDA:7,avaliarVotacao
DA:10,7
DA:20,3
DA:27,2
DA:30,1
LF:4
LH:4
BRDA:10,0,0,4
BRDA:10,0,1,3
BRDA:10,1,0,7
BRDA:10,1,1,5
BRDA:10,1,2,4
BRDA:20,2,0,1
BRDA:20,2,1,2
BRDA:20,3,0,3
BRDA:20,3,1,2
BRF:9
BRH:9
end_of_record
TN:
SF:src/verificar-idade.js
FN:1,verificarIdade
FNF:1
FNH:1
FNDA:2,verificarIdade
DA:2,2
DA:4,2
DA:5,1
DA:8,2
DA:11,1
LF:5
LH:5
BRDA:4,0,0,1
BRDA:4,0,1,1
BRF:2
BRH:2
end_of_record
